Arguments: 
  /usr/local/Cellar/node/12.1.0/bin/node /usr/local/Cellar/yarn/1.15.2/libexec/bin/yarn.js add -D ts-node- typescript

PATH: 
  /usr/local/bin:/usr/bin:/bin:/usr/sbin:/sbin

Yarn version: 
  1.15.2

Node version: 
  12.1.0

Platform: 
  darwin x64

Trace: 
  Error: https://registry.yarnpkg.com/ts-node-: Not found
      at Request.params.callback [as _callback] (/usr/local/Cellar/yarn/1.15.2/libexec/lib/cli.js:66058:18)
      at Request.self.callback (/usr/local/Cellar/yarn/1.15.2/libexec/lib/cli.js:129541:22)
      at Request.emit (events.js:196:13)
      at Request.<anonymous> (/usr/local/Cellar/yarn/1.15.2/libexec/lib/cli.js:130513:10)
      at Request.emit (events.js:196:13)
      at IncomingMessage.<anonymous> (/usr/local/Cellar/yarn/1.15.2/libexec/lib/cli.js:130435:12)
      at Object.onceWrapper (events.js:284:20)
      at IncomingMessage.emit (events.js:201:15)
      at endReadableNT (_stream_readable.js:1130:12)
      at processTicksAndRejections (internal/process/task_queues.js:84:17)

npm manifest: 
  {
    "name": "typescript-grocery",
    "version": "1.0.0",
    "main": "index.ts",
    "repository": "https://github.com/crodriguez85/typescript-grocery.git",
    "author": "CrisRod <crodriguez85@gmail.com>",
    "license": "MIT"
  }

yarn manifest: 
  No manifest

Lockfile: 
  No lockfile
